<?xml version="1.0" encoding="UTF-8"?>
<testsuite xmlns:xsi="http://www.w3.org/2001/XMLSchema-instance" xsi:noNamespaceSchemaLocation="https://maven.apache.org/surefire/maven-surefire-plugin/xsd/surefire-test-report-3.0.xsd" version="3.0" name="TestSuite" time="18.45" tests="10" errors="0" skipped="0" failures="2">
  <properties>
    <property name="sun.desktop" value="windows"/>
    <property name="awt.toolkit" value="sun.awt.windows.WToolkit"/>
    <property name="file.encoding.pkg" value="sun.io"/>
    <property name="java.specification.version" value="1.8"/>
    <property name="webdriver.chrome.driver" value="D:\Selenium012022\src\test\resources\drivers\chromedriver.exe"/>
    <property name="sun.cpu.isalist" value="amd64"/>
    <property name="sun.jnu.encoding" value="Cp1252"/>
    <property name="java.class.path" value="D:\Selenium012022\target\test-classes;D:\Selenium012022\target\classes;C:\Users\Admin\.m2\repository\org\seleniumhq\selenium\selenium-java\4.1.1\selenium-java-4.1.1.jar;C:\Users\Admin\.m2\repository\org\seleniumhq\selenium\selenium-api\4.1.1\selenium-api-4.1.1.jar;C:\Users\Admin\.m2\repository\org\seleniumhq\selenium\selenium-chrome-driver\4.1.1\selenium-chrome-driver-4.1.1.jar;C:\Users\Admin\.m2\repository\com\google\auto\service\auto-service-annotations\1.0.1\auto-service-annotations-1.0.1.jar;C:\Users\Admin\.m2\repository\com\google\auto\service\auto-service\1.0.1\auto-service-1.0.1.jar;C:\Users\Admin\.m2\repository\com\google\auto\auto-common\1.2\auto-common-1.2.jar;C:\Users\Admin\.m2\repository\com\google\guava\guava\31.0.1-jre\guava-31.0.1-jre.jar;C:\Users\Admin\.m2\repository\com\google\guava\failureaccess\1.0.1\failureaccess-1.0.1.jar;C:\Users\Admin\.m2\repository\com\google\guava\listenablefuture\9999.0-empty-to-avoid-conflict-with-guava\listenablefuture-9999.0-empty-to-avoid-conflict-with-guava.jar;C:\Users\Admin\.m2\repository\org\checkerframework\checker-qual\3.12.0\checker-qual-3.12.0.jar;C:\Users\Admin\.m2\repository\com\google\errorprone\error_prone_annotations\2.7.1\error_prone_annotations-2.7.1.jar;C:\Users\Admin\.m2\repository\com\google\j2objc\j2objc-annotations\1.3\j2objc-annotations-1.3.jar;C:\Users\Admin\.m2\repository\org\seleniumhq\selenium\selenium-chromium-driver\4.1.1\selenium-chromium-driver-4.1.1.jar;C:\Users\Admin\.m2\repository\org\seleniumhq\selenium\selenium-json\4.1.1\selenium-json-4.1.1.jar;C:\Users\Admin\.m2\repository\org\seleniumhq\selenium\selenium-devtools-v85\4.1.1\selenium-devtools-v85-4.1.1.jar;C:\Users\Admin\.m2\repository\org\seleniumhq\selenium\selenium-devtools-v94\4.1.1\selenium-devtools-v94-4.1.1.jar;C:\Users\Admin\.m2\repository\org\seleniumhq\selenium\selenium-devtools-v95\4.1.1\selenium-devtools-v95-4.1.1.jar;C:\Users\Admin\.m2\repository\org\seleniumhq\selenium\selenium-devtools-v96\4.1.1\selenium-devtools-v96-4.1.1.jar;C:\Users\Admin\.m2\repository\org\seleniumhq\selenium\selenium-edge-driver\4.1.1\selenium-edge-driver-4.1.1.jar;C:\Users\Admin\.m2\repository\org\seleniumhq\selenium\selenium-firefox-driver\4.1.1\selenium-firefox-driver-4.1.1.jar;C:\Users\Admin\.m2\repository\org\seleniumhq\selenium\selenium-firefox-xpi-driver\4.1.1\selenium-firefox-xpi-driver-4.1.1.jar;C:\Users\Admin\.m2\repository\org\seleniumhq\selenium\selenium-ie-driver\4.1.1\selenium-ie-driver-4.1.1.jar;C:\Users\Admin\.m2\repository\org\seleniumhq\selenium\selenium-opera-driver\4.1.1\selenium-opera-driver-4.1.1.jar;C:\Users\Admin\.m2\repository\org\seleniumhq\selenium\selenium-remote-driver\4.1.1\selenium-remote-driver-4.1.1.jar;C:\Users\Admin\.m2\repository\io\netty\netty-buffer\4.1.70.Final\netty-buffer-4.1.70.Final.jar;C:\Users\Admin\.m2\repository\io\netty\netty-codec-http\4.1.70.Final\netty-codec-http-4.1.70.Final.jar;C:\Users\Admin\.m2\repository\io\netty\netty-codec\4.1.70.Final\netty-codec-4.1.70.Final.jar;C:\Users\Admin\.m2\repository\io\netty\netty-handler\4.1.70.Final\netty-handler-4.1.70.Final.jar;C:\Users\Admin\.m2\repository\io\netty\netty-common\4.1.70.Final\netty-common-4.1.70.Final.jar;C:\Users\Admin\.m2\repository\io\netty\netty-transport-classes-epoll\4.1.70.Final\netty-transport-classes-epoll-4.1.70.Final.jar;C:\Users\Admin\.m2\repository\io\netty\netty-transport-classes-kqueue\4.1.70.Final\netty-transport-classes-kqueue-4.1.70.Final.jar;C:\Users\Admin\.m2\repository\io\netty\netty-transport-native-unix-common\4.1.70.Final\netty-transport-native-unix-common-4.1.70.Final.jar;C:\Users\Admin\.m2\repository\io\netty\netty-transport\4.1.70.Final\netty-transport-4.1.70.Final.jar;C:\Users\Admin\.m2\repository\io\netty\netty-resolver\4.1.70.Final\netty-resolver-4.1.70.Final.jar;C:\Users\Admin\.m2\repository\io\opentelemetry\opentelemetry-api\1.9.1\opentelemetry-api-1.9.1.jar;C:\Users\Admin\.m2\repository\io\opentelemetry\opentelemetry-context\1.9.1\opentelemetry-context-1.9.1.jar;C:\Users\Admin\.m2\repository\io\opentelemetry\opentelemetry-exporter-logging\1.9.1\opentelemetry-exporter-logging-1.9.1.jar;C:\Users\Admin\.m2\repository\io\opentelemetry\opentelemetry-sdk-metrics\1.9.1-alpha\opentelemetry-sdk-metrics-1.9.1-alpha.jar;C:\Users\Admin\.m2\repository\io\opentelemetry\opentelemetry-sdk-logs\1.9.1-alpha\opentelemetry-sdk-logs-1.9.1-alpha.jar;C:\Users\Admin\.m2\repository\com\fasterxml\jackson\core\jackson-databind\2.13.0\jackson-databind-2.13.0.jar;C:\Users\Admin\.m2\repository\com\fasterxml\jackson\core\jackson-annotations\2.13.0\jackson-annotations-2.13.0.jar;C:\Users\Admin\.m2\repository\com\fasterxml\jackson\core\jackson-core\2.13.0\jackson-core-2.13.0.jar;C:\Users\Admin\.m2\repository\io\opentelemetry\opentelemetry-sdk-common\1.9.1\opentelemetry-sdk-common-1.9.1.jar;C:\Users\Admin\.m2\repository\io\opentelemetry\opentelemetry-sdk-extension-autoconfigure-spi\1.9.1\opentelemetry-sdk-extension-autoconfigure-spi-1.9.1.jar;C:\Users\Admin\.m2\repository\io\opentelemetry\opentelemetry-sdk-extension-autoconfigure\1.9.1-alpha\opentelemetry-sdk-extension-autoconfigure-1.9.1-alpha.jar;C:\Users\Admin\.m2\repository\io\opentelemetry\opentelemetry-sdk-trace\1.9.1\opentelemetry-sdk-trace-1.9.1.jar;C:\Users\Admin\.m2\repository\io\opentelemetry\opentelemetry-api-metrics\1.9.1-alpha\opentelemetry-api-metrics-1.9.1-alpha.jar;C:\Users\Admin\.m2\repository\io\opentelemetry\opentelemetry-sdk\1.9.1\opentelemetry-sdk-1.9.1.jar;C:\Users\Admin\.m2\repository\io\opentelemetry\opentelemetry-semconv\1.9.1-alpha\opentelemetry-semconv-1.9.1-alpha.jar;C:\Users\Admin\.m2\repository\io\ous\jtoml\2.0.0\jtoml-2.0.0.jar;C:\Users\Admin\.m2\repository\net\bytebuddy\byte-buddy\1.12.2\byte-buddy-1.12.2.jar;C:\Users\Admin\.m2\repository\org\apache\commons\commons-exec\1.3\commons-exec-1.3.jar;C:\Users\Admin\.m2\repository\org\asynchttpclient\async-http-client\2.12.3\async-http-client-2.12.3.jar;C:\Users\Admin\.m2\repository\org\asynchttpclient\async-http-client-netty-utils\2.12.3\async-http-client-netty-utils-2.12.3.jar;C:\Users\Admin\.m2\repository\io\netty\netty-codec-socks\4.1.60.Final\netty-codec-socks-4.1.60.Final.jar;C:\Users\Admin\.m2\repository\io\netty\netty-handler-proxy\4.1.60.Final\netty-handler-proxy-4.1.60.Final.jar;C:\Users\Admin\.m2\repository\io\netty\netty-transport-native-epoll\4.1.60.Final\netty-transport-native-epoll-4.1.60.Final-linux-x86_64.jar;C:\Users\Admin\.m2\repository\io\netty\netty-transport-native-kqueue\4.1.60.Final\netty-transport-native-kqueue-4.1.60.Final-osx-x86_64.jar;C:\Users\Admin\.m2\repository\org\reactivestreams\reactive-streams\1.0.3\reactive-streams-1.0.3.jar;C:\Users\Admin\.m2\repository\com\typesafe\netty\netty-reactive-streams\2.0.4\netty-reactive-streams-2.0.4.jar;C:\Users\Admin\.m2\repository\com\sun\activation\jakarta.activation\1.2.2\jakarta.activation-1.2.2.jar;C:\Users\Admin\.m2\repository\org\seleniumhq\selenium\selenium-http\4.1.1\selenium-http-4.1.1.jar;C:\Users\Admin\.m2\repository\net\jodah\failsafe\2.4.4\failsafe-2.4.4.jar;C:\Users\Admin\.m2\repository\org\seleniumhq\selenium\selenium-safari-driver\4.1.1\selenium-safari-driver-4.1.1.jar;C:\Users\Admin\.m2\repository\org\seleniumhq\selenium\selenium-support\4.1.1\selenium-support-4.1.1.jar;C:\Users\Admin\.m2\repository\commons-io\commons-io\2.11.0\commons-io-2.11.0.jar;C:\Users\Admin\.m2\repository\org\testng\testng\7.5\testng-7.5.jar;C:\Users\Admin\.m2\repository\com\google\code\findbugs\jsr305\3.0.1\jsr305-3.0.1.jar;C:\Users\Admin\.m2\repository\org\slf4j\slf4j-api\1.7.32\slf4j-api-1.7.32.jar;C:\Users\Admin\.m2\repository\com\beust\jcommander\1.78\jcommander-1.78.jar;C:\Users\Admin\.m2\repository\org\webjars\jquery\3.5.1\jquery-3.5.1.jar;C:\Users\Admin\.m2\repository\io\qameta\allure\allure-testng\2.17.2\allure-testng-2.17.2.jar;C:\Users\Admin\.m2\repository\io\qameta\allure\allure-java-commons\2.17.2\allure-java-commons-2.17.2.jar;C:\Users\Admin\.m2\repository\io\qameta\allure\allure-model\2.17.2\allure-model-2.17.2.jar;C:\Users\Admin\.m2\repository\io\qameta\allure\allure-test-filter\2.17.2\allure-test-filter-2.17.2.jar;C:\Users\Admin\.m2\repository\org\aspectj\aspectjweaver\1.9.8\aspectjweaver-1.9.8.jar;C:\Users\Admin\.m2\repository\com\google\code\gson\gson\2.9.0\gson-2.9.0.jar;"/>
    <property name="java.vm.vendor" value="Oracle Corporation"/>
    <property name="sun.arch.data.model" value="64"/>
    <property name="user.variant" value=""/>
    <property name="java.vendor.url" value="http://java.oracle.com/"/>
    <property name="user.timezone" value="Asia/Bangkok"/>
    <property name="suiteXmlFile" value="src/test/resources/test-suites/Regression.xml"/>
    <property name="java.vm.specification.version" value="1.8"/>
    <property name="os.name" value="Windows 10"/>
    <property name="user.country" value="US"/>
    <property name="sun.java.launcher" value="SUN_STANDARD"/>
    <property name="allure.link.issue.pattern" value="https://example.org/issues/{}"/>
    <property name="sun.boot.library.path" value="C:\Program Files\Java\jdk1.8.0_321\jre\bin"/>
    <property name="sun.java.command" value="C:\Users\Admin\AppData\Local\Temp\surefire2536038390240416909\surefirebooter328445909126853884.jar C:\Users\Admin\AppData\Local\Temp\surefire2536038390240416909 2022-03-09T14-41-40_536-jvmRun1 surefire8610026207374318627tmp surefire_04080065214805823331tmp"/>
    <property name="surefire.test.class.path" value="D:\Selenium012022\target\test-classes;D:\Selenium012022\target\classes;C:\Users\Admin\.m2\repository\org\seleniumhq\selenium\selenium-java\4.1.1\selenium-java-4.1.1.jar;C:\Users\Admin\.m2\repository\org\seleniumhq\selenium\selenium-api\4.1.1\selenium-api-4.1.1.jar;C:\Users\Admin\.m2\repository\org\seleniumhq\selenium\selenium-chrome-driver\4.1.1\selenium-chrome-driver-4.1.1.jar;C:\Users\Admin\.m2\repository\com\google\auto\service\auto-service-annotations\1.0.1\auto-service-annotations-1.0.1.jar;C:\Users\Admin\.m2\repository\com\google\auto\service\auto-service\1.0.1\auto-service-1.0.1.jar;C:\Users\Admin\.m2\repository\com\google\auto\auto-common\1.2\auto-common-1.2.jar;C:\Users\Admin\.m2\repository\com\google\guava\guava\31.0.1-jre\guava-31.0.1-jre.jar;C:\Users\Admin\.m2\repository\com\google\guava\failureaccess\1.0.1\failureaccess-1.0.1.jar;C:\Users\Admin\.m2\repository\com\google\guava\listenablefuture\9999.0-empty-to-avoid-conflict-with-guava\listenablefuture-9999.0-empty-to-avoid-conflict-with-guava.jar;C:\Users\Admin\.m2\repository\org\checkerframework\checker-qual\3.12.0\checker-qual-3.12.0.jar;C:\Users\Admin\.m2\repository\com\google\errorprone\error_prone_annotations\2.7.1\error_prone_annotations-2.7.1.jar;C:\Users\Admin\.m2\repository\com\google\j2objc\j2objc-annotations\1.3\j2objc-annotations-1.3.jar;C:\Users\Admin\.m2\repository\org\seleniumhq\selenium\selenium-chromium-driver\4.1.1\selenium-chromium-driver-4.1.1.jar;C:\Users\Admin\.m2\repository\org\seleniumhq\selenium\selenium-json\4.1.1\selenium-json-4.1.1.jar;C:\Users\Admin\.m2\repository\org\seleniumhq\selenium\selenium-devtools-v85\4.1.1\selenium-devtools-v85-4.1.1.jar;C:\Users\Admin\.m2\repository\org\seleniumhq\selenium\selenium-devtools-v94\4.1.1\selenium-devtools-v94-4.1.1.jar;C:\Users\Admin\.m2\repository\org\seleniumhq\selenium\selenium-devtools-v95\4.1.1\selenium-devtools-v95-4.1.1.jar;C:\Users\Admin\.m2\repository\org\seleniumhq\selenium\selenium-devtools-v96\4.1.1\selenium-devtools-v96-4.1.1.jar;C:\Users\Admin\.m2\repository\org\seleniumhq\selenium\selenium-edge-driver\4.1.1\selenium-edge-driver-4.1.1.jar;C:\Users\Admin\.m2\repository\org\seleniumhq\selenium\selenium-firefox-driver\4.1.1\selenium-firefox-driver-4.1.1.jar;C:\Users\Admin\.m2\repository\org\seleniumhq\selenium\selenium-firefox-xpi-driver\4.1.1\selenium-firefox-xpi-driver-4.1.1.jar;C:\Users\Admin\.m2\repository\org\seleniumhq\selenium\selenium-ie-driver\4.1.1\selenium-ie-driver-4.1.1.jar;C:\Users\Admin\.m2\repository\org\seleniumhq\selenium\selenium-opera-driver\4.1.1\selenium-opera-driver-4.1.1.jar;C:\Users\Admin\.m2\repository\org\seleniumhq\selenium\selenium-remote-driver\4.1.1\selenium-remote-driver-4.1.1.jar;C:\Users\Admin\.m2\repository\io\netty\netty-buffer\4.1.70.Final\netty-buffer-4.1.70.Final.jar;C:\Users\Admin\.m2\repository\io\netty\netty-codec-http\4.1.70.Final\netty-codec-http-4.1.70.Final.jar;C:\Users\Admin\.m2\repository\io\netty\netty-codec\4.1.70.Final\netty-codec-4.1.70.Final.jar;C:\Users\Admin\.m2\repository\io\netty\netty-handler\4.1.70.Final\netty-handler-4.1.70.Final.jar;C:\Users\Admin\.m2\repository\io\netty\netty-common\4.1.70.Final\netty-common-4.1.70.Final.jar;C:\Users\Admin\.m2\repository\io\netty\netty-transport-classes-epoll\4.1.70.Final\netty-transport-classes-epoll-4.1.70.Final.jar;C:\Users\Admin\.m2\repository\io\netty\netty-transport-classes-kqueue\4.1.70.Final\netty-transport-classes-kqueue-4.1.70.Final.jar;C:\Users\Admin\.m2\repository\io\netty\netty-transport-native-unix-common\4.1.70.Final\netty-transport-native-unix-common-4.1.70.Final.jar;C:\Users\Admin\.m2\repository\io\netty\netty-transport\4.1.70.Final\netty-transport-4.1.70.Final.jar;C:\Users\Admin\.m2\repository\io\netty\netty-resolver\4.1.70.Final\netty-resolver-4.1.70.Final.jar;C:\Users\Admin\.m2\repository\io\opentelemetry\opentelemetry-api\1.9.1\opentelemetry-api-1.9.1.jar;C:\Users\Admin\.m2\repository\io\opentelemetry\opentelemetry-context\1.9.1\opentelemetry-context-1.9.1.jar;C:\Users\Admin\.m2\repository\io\opentelemetry\opentelemetry-exporter-logging\1.9.1\opentelemetry-exporter-logging-1.9.1.jar;C:\Users\Admin\.m2\repository\io\opentelemetry\opentelemetry-sdk-metrics\1.9.1-alpha\opentelemetry-sdk-metrics-1.9.1-alpha.jar;C:\Users\Admin\.m2\repository\io\opentelemetry\opentelemetry-sdk-logs\1.9.1-alpha\opentelemetry-sdk-logs-1.9.1-alpha.jar;C:\Users\Admin\.m2\repository\com\fasterxml\jackson\core\jackson-databind\2.13.0\jackson-databind-2.13.0.jar;C:\Users\Admin\.m2\repository\com\fasterxml\jackson\core\jackson-annotations\2.13.0\jackson-annotations-2.13.0.jar;C:\Users\Admin\.m2\repository\com\fasterxml\jackson\core\jackson-core\2.13.0\jackson-core-2.13.0.jar;C:\Users\Admin\.m2\repository\io\opentelemetry\opentelemetry-sdk-common\1.9.1\opentelemetry-sdk-common-1.9.1.jar;C:\Users\Admin\.m2\repository\io\opentelemetry\opentelemetry-sdk-extension-autoconfigure-spi\1.9.1\opentelemetry-sdk-extension-autoconfigure-spi-1.9.1.jar;C:\Users\Admin\.m2\repository\io\opentelemetry\opentelemetry-sdk-extension-autoconfigure\1.9.1-alpha\opentelemetry-sdk-extension-autoconfigure-1.9.1-alpha.jar;C:\Users\Admin\.m2\repository\io\opentelemetry\opentelemetry-sdk-trace\1.9.1\opentelemetry-sdk-trace-1.9.1.jar;C:\Users\Admin\.m2\repository\io\opentelemetry\opentelemetry-api-metrics\1.9.1-alpha\opentelemetry-api-metrics-1.9.1-alpha.jar;C:\Users\Admin\.m2\repository\io\opentelemetry\opentelemetry-sdk\1.9.1\opentelemetry-sdk-1.9.1.jar;C:\Users\Admin\.m2\repository\io\opentelemetry\opentelemetry-semconv\1.9.1-alpha\opentelemetry-semconv-1.9.1-alpha.jar;C:\Users\Admin\.m2\repository\io\ous\jtoml\2.0.0\jtoml-2.0.0.jar;C:\Users\Admin\.m2\repository\net\bytebuddy\byte-buddy\1.12.2\byte-buddy-1.12.2.jar;C:\Users\Admin\.m2\repository\org\apache\commons\commons-exec\1.3\commons-exec-1.3.jar;C:\Users\Admin\.m2\repository\org\asynchttpclient\async-http-client\2.12.3\async-http-client-2.12.3.jar;C:\Users\Admin\.m2\repository\org\asynchttpclient\async-http-client-netty-utils\2.12.3\async-http-client-netty-utils-2.12.3.jar;C:\Users\Admin\.m2\repository\io\netty\netty-codec-socks\4.1.60.Final\netty-codec-socks-4.1.60.Final.jar;C:\Users\Admin\.m2\repository\io\netty\netty-handler-proxy\4.1.60.Final\netty-handler-proxy-4.1.60.Final.jar;C:\Users\Admin\.m2\repository\io\netty\netty-transport-native-epoll\4.1.60.Final\netty-transport-native-epoll-4.1.60.Final-linux-x86_64.jar;C:\Users\Admin\.m2\repository\io\netty\netty-transport-native-kqueue\4.1.60.Final\netty-transport-native-kqueue-4.1.60.Final-osx-x86_64.jar;C:\Users\Admin\.m2\repository\org\reactivestreams\reactive-streams\1.0.3\reactive-streams-1.0.3.jar;C:\Users\Admin\.m2\repository\com\typesafe\netty\netty-reactive-streams\2.0.4\netty-reactive-streams-2.0.4.jar;C:\Users\Admin\.m2\repository\com\sun\activation\jakarta.activation\1.2.2\jakarta.activation-1.2.2.jar;C:\Users\Admin\.m2\repository\org\seleniumhq\selenium\selenium-http\4.1.1\selenium-http-4.1.1.jar;C:\Users\Admin\.m2\repository\net\jodah\failsafe\2.4.4\failsafe-2.4.4.jar;C:\Users\Admin\.m2\repository\org\seleniumhq\selenium\selenium-safari-driver\4.1.1\selenium-safari-driver-4.1.1.jar;C:\Users\Admin\.m2\repository\org\seleniumhq\selenium\selenium-support\4.1.1\selenium-support-4.1.1.jar;C:\Users\Admin\.m2\repository\commons-io\commons-io\2.11.0\commons-io-2.11.0.jar;C:\Users\Admin\.m2\repository\org\testng\testng\7.5\testng-7.5.jar;C:\Users\Admin\.m2\repository\com\google\code\findbugs\jsr305\3.0.1\jsr305-3.0.1.jar;C:\Users\Admin\.m2\repository\org\slf4j\slf4j-api\1.7.32\slf4j-api-1.7.32.jar;C:\Users\Admin\.m2\repository\com\beust\jcommander\1.78\jcommander-1.78.jar;C:\Users\Admin\.m2\repository\org\webjars\jquery\3.5.1\jquery-3.5.1.jar;C:\Users\Admin\.m2\repository\io\qameta\allure\allure-testng\2.17.2\allure-testng-2.17.2.jar;C:\Users\Admin\.m2\repository\io\qameta\allure\allure-java-commons\2.17.2\allure-java-commons-2.17.2.jar;C:\Users\Admin\.m2\repository\io\qameta\allure\allure-model\2.17.2\allure-model-2.17.2.jar;C:\Users\Admin\.m2\repository\io\qameta\allure\allure-test-filter\2.17.2\allure-test-filter-2.17.2.jar;C:\Users\Admin\.m2\repository\org\aspectj\aspectjweaver\1.9.8\aspectjweaver-1.9.8.jar;C:\Users\Admin\.m2\repository\com\google\code\gson\gson\2.9.0\gson-2.9.0.jar;"/>
    <property name="sun.cpu.endian" value="little"/>
    <property name="user.home" value="C:\Users\Admin"/>
    <property name="user.language" value="en"/>
    <property name="java.specification.vendor" value="Oracle Corporation"/>
    <property name="java.home" value="C:\Program Files\Java\jdk1.8.0_321\jre"/>
    <property name="basedir" value="D:\Selenium012022"/>
    <property name="allure.link.tms.pattern" value="https://example.org/ts/{}"/>
    <property name="file.separator" value="\"/>
    <property name="line.separator" value="&#10;"/>
    <property name="java.vm.specification.vendor" value="Oracle Corporation"/>
    <property name="java.specification.name" value="Java Platform API Specification"/>
    <property name="java.awt.graphicsenv" value="sun.awt.Win32GraphicsEnvironment"/>
    <property name="surefire.real.class.path" value="C:\Users\Admin\AppData\Local\Temp\surefire2536038390240416909\surefirebooter328445909126853884.jar;C:\Users\Admin\.m2\repository/org/aspectj/aspectjweaver/1.9.8/aspectjweaver-1.9.8.jar"/>
    <property name="sun.boot.class.path" value="C:\Program Files\Java\jdk1.8.0_321\jre\lib\resources.jar;C:\Program Files\Java\jdk1.8.0_321\jre\lib\rt.jar;C:\Program Files\Java\jdk1.8.0_321\jre\lib\sunrsasign.jar;C:\Program Files\Java\jdk1.8.0_321\jre\lib\jsse.jar;C:\Program Files\Java\jdk1.8.0_321\jre\lib\jce.jar;C:\Program Files\Java\jdk1.8.0_321\jre\lib\charsets.jar;C:\Program Files\Java\jdk1.8.0_321\jre\lib\jfr.jar;C:\Program Files\Java\jdk1.8.0_321\jre\classes"/>
    <property name="user.script" value=""/>
    <property name="sun.management.compiler" value="HotSpot 64-Bit Tiered Compilers"/>
    <property name="java.runtime.version" value="1.8.0_321-b07"/>
    <property name="user.name" value="Admin"/>
    <property name="path.separator" value=";"/>
    <property name="os.version" value="10.0"/>
    <property name="java.endorsed.dirs" value="C:\Program Files\Java\jdk1.8.0_321\jre\lib\endorsed"/>
    <property name="java.runtime.name" value="Java(TM) SE Runtime Environment"/>
    <property name="file.encoding" value="Cp1252"/>
    <property name="sun.nio.ch.bugLevel" value=""/>
    <property name="java.vm.name" value="Java HotSpot(TM) 64-Bit Server VM"/>
    <property name="localRepository" value="C:\Users\Admin\.m2\repository"/>
    <property name="java.vendor.url.bug" value="http://bugreport.sun.com/bugreport/"/>
    <property name="java.io.tmpdir" value="C:\Users\Admin\AppData\Local\Temp\"/>
    <property name="java.version" value="1.8.0_321"/>
    <property name="user.dir" value="D:\Selenium012022"/>
    <property name="os.arch" value="amd64"/>
    <property name="java.vm.specification.name" value="Java Virtual Machine Specification"/>
    <property name="java.awt.printerjob" value="sun.awt.windows.WPrinterJob"/>
    <property name="sun.os.patch.level" value=""/>
    <property name="java.library.path" value="C:\Program Files\Java\jdk1.8.0_321\jre\bin;C:\Windows\Sun\Java\bin;C:\Windows\system32;C:\Windows;C:\Program Files (x86)\Common Files\Oracle\Java\javapath;C:\Windows\system32;C:\Windows;C:\Windows\System32\Wbem;C:\Windows\System32\WindowsPowerShell\v1.0\;C:\Windows\System32\OpenSSH\;C:\Program Files\Git\cmd;D:\apache-maven-3.8.4\bin;C:\Users\Admin\scoop\shims;C:\Users\Admin\AppData\Local\Microsoft\WindowsApps;;C:\Users\Admin\AppData\Local\Programs\Microsoft VS Code\bin;."/>
    <property name="java.vm.info" value="mixed mode"/>
    <property name="java.vendor" value="Oracle Corporation"/>
    <property name="java.vm.version" value="25.321-b07"/>
    <property name="java.ext.dirs" value="C:\Program Files\Java\jdk1.8.0_321\jre\lib\ext;C:\Windows\Sun\Java\lib\ext"/>
    <property name="sun.io.unicode.encoding" value="UnicodeLittle"/>
    <property name="java.class.version" value="52.0"/>
  </properties>
  <testcase name="testCheapCompBuying[test_data.ComputerDataObject@e8bc693](1)" classname="test.order.CheapComputerBuyingTest" time="8.518">
    <system-err><![CDATA[SLF4J: Failed to load class "org.slf4j.impl.StaticLoggerBinder".
SLF4J: Defaulting to no-operation (NOP) logger implementation
SLF4J: See http://www.slf4j.org/codes.html#StaticLoggerBinder for further details.
SSttaarrttiinng gCh rComheDrriovmeer D9r8.i0v.e4r75 89.88.00 .(477f054888.e88ba00 d8(e071f910874c683825ea816bca290d9db87ef0491899-1re8f7s/cb6r3an2ch5-ahe1a6dsc/24795d8@9{#b977f2}4)9 o8n 9po-rrte 6f4s6/7b8r
Oanlnych -lhoecadasl/ 4c7o58n@{n#9e7c2tio}ns)  aorne  paolrltow e5d1.01
9Pl
eaOsnel ys eleo chalt tcopnnsec:t/i/oncsh arroem eadrlilveorw.cehdr.omi
uPm.loerga/sseecu rsietey- chotnstipdesra:ti/on/s cfohrr soumggeedstriiovnse ron. kceheprinogm Cihurmo.moerDg/rsiveecru sraitfye-.co
nsiderations for suggestions on keeping ChromeDriver safe.
ChromeDriver Cwhasr osmtearDtreidv esru ccwesassf ulsltya.rted
 successfully.
[1646811707.183][WARNING]: This version of ChromeDriver has not been tested with Chrome version 99.
[1646811707.255][WARNING]: This version of ChromeDriver has not been tested with Chrome version 99.
Mar 09, 2022 2:41:47 PM org.openqa.selenium.remote.ProtocolHandshake createSession
INFO: Detected dialect: W3C
Mar 09, 2022 2:41:47 PM org.openqa.selenium.remote.ProtocolHandshake createSession
INFO: Detected dialect: W3C
Mar 09, 2022 2:41:47 PM org.openqa.selenium.devtools.CdpVersionFinder findNearestMatch
WARNING: Unable to find an exact match for CDP version 99, so returning the closest version found: 96
Mar 09, 2022 2:41:47 PM org.openqa.selenium.devtools.CdpVersionFinder findNearestMatch
WARNING: Unable to find an exact match for CDP version 99, so returning the closest version found: 96
Mar 09, 2022 2:41:47 PM org.openqa.selenium.devtools.CdpVersionFinder findNearestMatch
INFO: Found CDP implementation for version 99 of 96
Mar 09, 2022 2:41:47 PM org.openqa.selenium.devtools.CdpVersionFinder findNearestMatch
INFO: Found CDP implementation for version 99 of 96
]]></system-err>
  </testcase>
  <testcase name="testCheapCompBuying[test_data.ComputerDataObject@3f251df6](2)" classname="test.order.CheapComputerBuyingTest" time="1.07"/>
  <testcase name="testCheapCompBuying[test_data.ComputerDataObject@590a9826](3)" classname="test.order.CheapComputerBuyingTest" time="1.203"/>
  <testcase name="testSomething" classname="test.order.CheapComputerBuyingTest" time="0.024">
    <failure message="Failed by....sth" type="java.lang.AssertionError"><![CDATA[java.lang.AssertionError: Failed by....sth
	at test.order.CheapComputerBuyingTest.testSomething(CheapComputerBuyingTest.java:33)
]]></failure>
  </testcase>
  <testcase name="testStandardCompBuying[test_data.ComputerDataObject@4521176b](1)" classname="test.order.StandardComputerBuyingTest" time="0"/>
  <testcase name="testStandardCompBuying[test_data.ComputerDataObject@5412e47d](2)" classname="test.order.StandardComputerBuyingTest" time="0.162"/>
  <testcase name="testStandardCompBuying[test_data.ComputerDataObject@6f313889](3)" classname="test.order.StandardComputerBuyingTest" time="0.173"/>
  <testcase name="testCategoryPageFooter" classname="test.global.FooterTest" time="0.709">
    <failure message="null" type="java.lang.AssertionError"><![CDATA[java.lang.AssertionError: null
	at test.global.FooterTest.testCategoryPageFooter(FooterTest.java:43)
]]></failure>
  </testcase>
  <testcase name="testHomepageFooter" classname="test.global.FooterTest" time="2.813">
    <system-out><![CDATA[Sitemap
Shipping & Returns
Privacy Notice
Conditions of Use
About us
Contact us
http://demowebshop.tricentis.com/sitemap
http://demowebshop.tricentis.com/shipping-returns
http://demowebshop.tricentis.com/privacy-policy
http://demowebshop.tricentis.com/conditions-of-use
http://demowebshop.tricentis.com/about-us
http://demowebshop.tricentis.com/contactus
HomePage | verifyCustomerColumn...
Search
News
Blog
Recently viewed products
Compare products list
New products
http://demowebshop.tricentis.com/search
http://demowebshop.tricentis.com/news
http://demowebshop.tricentis.com/blog
http://demowebshop.tricentis.com/recentlyviewedproducts
http://demowebshop.tricentis.com/compareproducts
http://demowebshop.tricentis.com/newproducts
My account
Orders
Addresses
Shopping cart
Wishlist
http://demowebshop.tricentis.com/customer/info
http://demowebshop.tricentis.com/customer/orders
http://demowebshop.tricentis.com/customer/addresses
http://demowebshop.tricentis.com/cart
http://demowebshop.tricentis.com/wishlist
Facebook
Twitter
RSS
YouTube
Google+
http://www.facebook.com/nopCommerce
https://twitter.com/nopCommerce
http://demowebshop.tricentis.com/news/rss/1
http://www.youtube.com/user/nopCommerce
https://plus.google.com/+nopcommerce
]]></system-out>
  </testcase>
  <testcase name="testRegisterPageFooter" classname="test.global.FooterTest" time="1.298">
    <system-out><![CDATA[Sitemap
Shipping & Returns
Privacy Notice
Conditions of Use
About us
Contact us
http://demowebshop.tricentis.com/sitemap
http://demowebshop.tricentis.com/shipping-returns
http://demowebshop.tricentis.com/privacy-policy
http://demowebshop.tricentis.com/conditions-of-use
http://demowebshop.tricentis.com/about-us
http://demowebshop.tricentis.com/contactus
My account
Orders
Addresses
Shopping cart
Wishlist
http://demowebshop.tricentis.com/customer/info
http://demowebshop.tricentis.com/customer/orders
http://demowebshop.tricentis.com/customer/addresses
http://demowebshop.tricentis.com/cart
http://demowebshop.tricentis.com/wishlist
Facebook
Twitter
RSS
YouTube
Google+
http://www.facebook.com/nopCommerce
https://twitter.com/nopCommerce
http://demowebshop.tricentis.com/news/rss/1
http://www.youtube.com/user/nopCommerce
https://plus.google.com/+nopcommerce
]]></system-out>
  </testcase>
</testsuite>