<?xml version="1.0" encoding="UTF-8"?>
<!-- Generated by org.testng.reporters.JUnitReportReporter -->
<testsuite skipped="0" hostname="Tus-MacBook-Pro.attlocal.net" name="test.global.HeaderTest" tests="3" failures="0" timestamp="2022-03-20T09:05:21 CDT" time="27.209" errors="0">
  <testcase name="testHomepageHeader" time="7.089" classname="test.global.HeaderTest"/>
  <system-out/>
  <testcase name="testRegisterPageHeader" time="10.037" classname="test.global.HeaderTest"/>
  <system-out/>
  <testcase name="testCategoryPageHeader" time="10.083" classname="test.global.HeaderTest"/>
  <system-out/>
</testsuite> <!-- test.global.HeaderTest -->
