<?xml version="1.0" encoding="UTF-8"?>
<!-- Generated by org.testng.reporters.JUnitReportReporter -->
<testsuite skipped="0" hostname="Tus-MacBook-Pro.attlocal.net" name="test.pages.HomePageTest" tests="1" failures="0" timestamp="2022-03-20T09:05:21 CDT" time="0.001" errors="0">
  <testcase name="testRecentlyViewedProducts" time="0.001" classname="test.pages.HomePageTest"/>
  <system-out/>
</testsuite> <!-- test.pages.HomePageTest -->
