<?xml version="1.0" encoding="UTF-8"?>
<!-- Generated by org.testng.reporters.JUnitReportReporter -->
<testsuite skipped="0" hostname="DESKTOP-BG9IMGR" name="test.order.StandardComputerBuyingTest" tests="3" failures="0" timestamp="2022-03-09T14:42:00 ICT" time="11.130" errors="0">
  <testcase name="testStandardCompBuying" time="8.464" classname="test.order.StandardComputerBuyingTest"/>
  <system-out/>
  <testcase name="testStandardCompBuying" time="1.381" classname="test.order.StandardComputerBuyingTest"/>
  <system-out/>
  <testcase name="testStandardCompBuying" time="1.285" classname="test.order.StandardComputerBuyingTest"/>
  <system-out/>
</testsuite> <!-- test.order.StandardComputerBuyingTest -->
