<?xml version="1.0" encoding="UTF-8"?>
<!-- Generated by org.testng.reporters.JUnitReportReporter -->
<testsuite hostname="DESKTOP-KJ6VKK2" failures="0" tests="1" name="test.global.FooterTest" time="10.671" errors="0" timestamp="2022-01-21T22:39:27 ICT" skipped="0">
  <testcase classname="test.global.FooterTest" name="testHomepageFooter" time="10.671"/>
  <system-out/>
</testsuite> <!-- test.global.FooterTest -->
